[debug] [2020-04-12T10:39:20.804Z] ----------------------------------------------------------------------
[debug] [2020-04-12T10:39:20.808Z] Command:       /usr/local/Cellar/node/13.12.0/bin/node /usr/local/bin/firebase deploy --except functions
[debug] [2020-04-12T10:39:20.811Z] CLI Version:   7.16.0
[debug] [2020-04-12T10:39:20.811Z] Platform:      darwin
[debug] [2020-04-12T10:39:20.812Z] Node Version:  v13.12.0
[debug] [2020-04-12T10:39:20.813Z] Time:          Sun Apr 12 2020 14:39:20 GMT+0400 (Gulf Standard Time)
[debug] [2020-04-12T10:39:20.814Z] ----------------------------------------------------------------------
[debug] [2020-04-12T10:39:20.814Z] 
[debug] [2020-04-12T10:39:20.823Z] > command requires scopes: ["email","openid","https://www.googleapis.com/auth/cloudplatformprojects.readonly","https://www.googleapis.com/auth/firebase","https://www.googleapis.com/auth/cloud-platform"]
[debug] [2020-04-12T10:39:20.823Z] > authorizing via signed-in user
[debug] [2020-04-12T10:39:20.823Z] [iam] checking project hq-app-8cc14 for permissions ["firebase.projects.get","firebasedatabase.instances.update","firebasehosting.sites.update","firebaserules.releases.create","firebaserules.releases.update","firebaserules.rulesets.create"]
[debug] [2020-04-12T10:39:20.828Z] >>> HTTP REQUEST POST https://cloudresourcemanager.googleapis.com/v1/projects/hq-app-8cc14:testIamPermissions  

[debug] [2020-04-12T10:39:22.474Z] <<< HTTP RESPONSE 200
[debug] [2020-04-12T10:39:22.476Z] >>> HTTP REQUEST GET https://firebase.googleapis.com/v1beta1/projects/hq-app-8cc14  
 
[debug] [2020-04-12T10:39:22.927Z] <<< HTTP RESPONSE 200
[info] 
[info] === Deploying to 'hq-app-8cc14'...
[info] 
[info] i  deploying database, storage, hosting
[info] i  database: checking rules syntax...
[debug] [2020-04-12T10:39:24.261Z] >>> HTTP REQUEST PUT https://hq-app-8cc14.firebaseio.com/.settings/rules.json?dryRun=true  
 {
  /* Visit https://firebase.google.com/docs/database/security to learn more about security rules. */
  "rules": {
    ".read": true,
    ".write": true
  }
}
[debug] [2020-04-12T10:39:25.485Z] <<< HTTP RESPONSE 200
[info] ✔  database: rules syntax for database hq-app-8cc14 is valid
[debug] [2020-04-12T10:39:25.487Z] >>> HTTP REQUEST GET https://appengine.googleapis.com/v1/apps/hq-app-8cc14  
 
